<?xml version="1.0" encoding="UTF-8"?>
<!-- Generated by org.testng.reporters.JUnitReportReporter -->
<testsuite hostname="DESKTOP-P6E80FK" failures="0" tests="2" name="tests.TestsOnLocalAPI" time="0.031" errors="0" timestamp="2025-09-18T13:59:11 EEST" skipped="0">
  <testcase classname="tests.TestsOnLocalAPI" name="delete" time="0.014"/>
  <testcase classname="tests.TestsOnLocalAPI" name="get" time="0.017"/>
</testsuite> <!-- tests.TestsOnLocalAPI -->
