<?xml version="1.0" encoding="UTF-8"?>
<!-- Generated by org.testng.reporters.JUnitReportReporter -->
<testsuite hostname="DESKTOP-P6E80FK" failures="0" tests="2" name="tests.TestsExamples" time="0.418" errors="0" timestamp="2025-09-18T13:59:11 EEST" skipped="0">
  <testcase classname="tests.TestsExamples" name="test_1" time="0.206"/>
  <testcase classname="tests.TestsExamples" name="test_2" time="0.212"/>
</testsuite> <!-- tests.TestsExamples -->
