<?xml version="1.0" encoding="UTF-8"?>
<!-- Generated by org.testng.reporters.JUnitReportReporter -->
<testsuite hostname="DESKTOP-P6E80FK" failures="0" tests="3" name="tests.PutPatchDeleteExamples" time="1.941" errors="0" timestamp="2025-09-18T13:59:11 EEST" skipped="0">
  <testcase classname="tests.PutPatchDeleteExamples" name="testPatch" time="0.430"/>
  <testcase classname="tests.PutPatchDeleteExamples" name="testPut" time="0.276"/>
  <testcase classname="tests.PutPatchDeleteExamples" name="testDelete" time="1.235"/>
</testsuite> <!-- tests.PutPatchDeleteExamples -->
