<?xml version="1.0" encoding="UTF-8"?>
<!-- Generated by org.testng.reporters.JUnitReportReporter -->
<testsuite hostname="DESKTOP-P6E80FK" failures="0" tests="1" name="tests.ApiKeyTest" time="2.882" errors="0" timestamp="2025-09-15T17:07:07 EEST" skipped="0">
  <testcase classname="tests.ApiKeyTest" name="testWithApiKey" time="2.882"/>
</testsuite> <!-- tests.ApiKeyTest -->
