<?xml version="1.0" encoding="UTF-8"?>
<!-- Generated by org.testng.reporters.JUnitReportReporter -->
<testsuite hostname="DESKTOP-P6E80FK" failures="0" tests="1" name="tests.SoapXMLRequest" time="0.450" errors="0" timestamp="2025-09-18T13:59:11 EEST" skipped="0">
  <testcase classname="tests.SoapXMLRequest" name="validateSoapXML" time="0.450"/>
</testsuite> <!-- tests.SoapXMLRequest -->
