<?xml version="1.0" encoding="UTF-8"?>
<!-- Generated by org.testng.reporters.JUnitReportReporter -->
<testsuite hostname="DESKTOP-P6E80FK" failures="0" tests="2" name="tests.GetAndPostExamples" time="0.635" errors="0" timestamp="2025-09-18T13:59:11 EEST" skipped="0">
  <testcase classname="tests.GetAndPostExamples" name="testPost" time="0.247"/>
  <testcase classname="tests.GetAndPostExamples" name="testGet" time="0.388"/>
</testsuite> <!-- tests.GetAndPostExamples -->
